<?xml version="1.0" encoding="UTF-8"?>
<testsuite name="com.example.FunkosServicios.FunkosServiciosApplicationTests" tests="1" skipped="0" failures="0" errors="0" timestamp="2023-10-29T11:32:34" hostname="DESKTOP-DDC192F" time="0.454">
  <properties/>
  <testcase name="contextLoads()" classname="com.example.FunkosServicios.FunkosServiciosApplicationTests" time="0.454"/>
  <system-out><![CDATA[Standard Commons Logging discovery in action with spring-jcl: please remove commons-logging.jar from classpath in order to avoid potential conflicts
12:32:31.704 [Test worker] INFO org.springframework.test.context.support.AnnotationConfigContextLoaderUtils -- Could not detect default configuration classes for test class [com.example.FunkosServicios.FunkosServiciosApplicationTests]: FunkosServiciosApplicationTests does not declare any static, non-private, non-final, nested classes annotated with @Configuration.
12:32:31.778 [Test worker] INFO org.springframework.boot.test.context.SpringBootTestContextBootstrapper -- Found @SpringBootConfiguration com.example.FunkosServicios.FunkoServerApplication for test class com.example.FunkosServicios.FunkosServiciosApplicationTests

  .   ____          _            __ _ _
 /\\ / ___'_ __ _ _(_)_ __  __ _ \ \ \ \
( ( )\___ | '_ | '_| | '_ \/ _` | \ \ \ \
 \\/  ___)| |_)| | | | | || (_| |  ) ) ) )
  '  |____| .__|_| |_|_| |_\__, | / / / /
 =========|_|==============|___/=/_/_/_/
 :: Spring Boot ::                (v3.1.5)

2023-10-29T12:32:32.101+01:00  INFO 4496 --- [    Test worker] c.e.F.FunkosServiciosApplicationTests    : Starting FunkosServiciosApplicationTests using Java 17.0.8.1 with PID 4496 (started by David in C:\Users\David\Desktop\DesarrolloWebEntornoServidor\Ejercicios\FunkosServicios)
2023-10-29T12:32:32.103+01:00  INFO 4496 --- [    Test worker] c.e.F.FunkosServiciosApplicationTests    : No active profile set, falling back to 1 default profile: "default"
2023-10-29T12:32:32.556+01:00  INFO 4496 --- [    Test worker] .s.d.r.c.RepositoryConfigurationDelegate : Bootstrapping Spring Data JPA repositories in DEFAULT mode.
2023-10-29T12:32:32.577+01:00  INFO 4496 --- [    Test worker] .s.d.r.c.RepositoryConfigurationDelegate : Finished Spring Data repository scanning in 10 ms. Found 0 JPA repository interfaces.
2023-10-29T12:32:32.874+01:00  INFO 4496 --- [    Test worker] o.hibernate.jpa.internal.util.LogHelper  : HHH000204: Processing PersistenceUnitInfo [name: default]
2023-10-29T12:32:32.927+01:00  INFO 4496 --- [    Test worker] org.hibernate.Version                    : HHH000412: Hibernate ORM core version 6.2.13.Final
2023-10-29T12:32:32.930+01:00  INFO 4496 --- [    Test worker] org.hibernate.cfg.Environment            : HHH000406: Using bytecode reflection optimizer
2023-10-29T12:32:33.180+01:00  INFO 4496 --- [    Test worker] o.s.o.j.p.SpringPersistenceUnitInfo      : No LoadTimeWeaver setup: ignoring JPA class transformer
2023-10-29T12:32:33.208+01:00  INFO 4496 --- [    Test worker] com.zaxxer.hikari.HikariDataSource       : HikariPool-1 - Starting...
2023-10-29T12:32:33.366+01:00  INFO 4496 --- [    Test worker] com.zaxxer.hikari.pool.HikariPool        : HikariPool-1 - Added connection conn0: url=jdbc:h2:mem:testdb user=SA
2023-10-29T12:32:33.368+01:00  INFO 4496 --- [    Test worker] com.zaxxer.hikari.HikariDataSource       : HikariPool-1 - Start completed.
2023-10-29T12:32:33.607+01:00  INFO 4496 --- [    Test worker] o.h.e.t.j.p.i.JtaPlatformInitiator       : HHH000489: No JTA platform available (set 'hibernate.transaction.jta.platform' to enable JTA platform integration)
2023-10-29T12:32:33.610+01:00  INFO 4496 --- [    Test worker] j.LocalContainerEntityManagerFactoryBean : Initialized JPA EntityManagerFactory for persistence unit 'default'
2023-10-29T12:32:33.726+01:00  WARN 4496 --- [    Test worker] JpaBaseConfiguration$JpaWebConfiguration : spring.jpa.open-in-view is enabled by default. Therefore, database queries may be performed during view rendering. Explicitly configure spring.jpa.open-in-view to disable this warning
2023-10-29T12:32:34.052+01:00  INFO 4496 --- [    Test worker] c.e.F.FunkosServiciosApplicationTests    : Started FunkosServiciosApplicationTests in 2.114 seconds (process running for 3.006)
]]></system-out>
  <system-err><![CDATA[]]></system-err>
</testsuite>
